task=S3 vocab=6 mode=spike params=145,358 pop=512 sigma=0.05 decay=1.0 membrane=int(theta=10,outer_gain=10) ternary=all update=es(lr=0.05) train_lens=[8, 16] eval_lens=[16, 32, 64, 128] gens=2 device=cuda
(chance accuracy = 16.67%; profile '|' marks the train/extrapolation boundary at pos 16; compile=OFF (perf))
step 00001 | loss 1.752 | mean L16: 18.4%  L32: 17.5%  L64: 17.0%  L128: 16.9%
            pos@L128: [0:16)  18% |[16:32)  17% [32:64)  17% [64:128)  17%
step 00100 | loss 1.395 | mean L16: 26.8%  L32: 21.7%  L64: 19.3%  L128: 18.0%
            pos@L128: [0:16)  27% |[16:32)  17% [32:64)  17% [64:128)  17%
step 00200 | loss 1.300 | mean L16: 30.2%  L32: 23.4%  L64: 19.8%  L128: 18.4%
            pos@L128: [0:16)  30% |[16:32)  17% [32:64)  16% [64:128)  17%
step 00300 | loss 1.253 | mean L16: 33.3%  L32: 24.9%  L64: 20.9%  L128: 18.7%
            pos@L128: [0:16)  34% |[16:32)  17% [32:64)  16% [64:128)  17%
step 00400 | loss 1.157 | mean L16: 34.9%  L32: 25.0%  L64: 21.5%  L128: 18.3%
            pos@L128: [0:16)  35% |[16:32)  15% [32:64)  18% [64:128)  15%
step 00500 | loss 1.354 | mean L16: 38.3%  L32: 28.9%  L64: 24.0%  L128: 19.8%
            pos@L128: [0:16)  38% |[16:32)  19% [32:64)  19% [64:128)  16%
step 00600 | loss 0.989 | mean L16: 40.9%  L32: 31.8%  L64: 24.0%  L128: 20.0%
            pos@L128: [0:16)  41% |[16:32)  23% [32:64)  16% [64:128)  16%
step 00700 | loss 1.290 | mean L16: 41.7%  L32: 32.8%  L64: 25.4%  L128: 20.0%
            pos@L128: [0:16)  41% |[16:32)  24% [32:64)  18% [64:128)  15%
step 00800 | loss 0.908 | mean L16: 42.6%  L32: 33.6%  L64: 26.1%  L128: 21.6%
            pos@L128: [0:16)  42% |[16:32)  25% [32:64)  18% [64:128)  17%
step 00900 | loss 1.113 | mean L16: 47.4%  L32: 38.0%  L64: 29.6%  L128: 23.7%
            pos@L128: [0:16)  47% |[16:32)  29% [32:64)  21% [64:128)  18%
step 01000 | loss 1.063 | mean L16: 47.6%  L32: 37.0%  L64: 22.9%  L128: 20.7%
            pos@L128: [0:16)  47% |[16:32)  26% [32:64)   9% [64:128)  19%
step 01100 | loss 1.024 | mean L16: 49.3%  L32: 39.7%  L64: 32.6%  L128: 25.5%
            pos@L128: [0:16)  49% |[16:32)  30% [32:64)  25% [64:128)  19%
step 01200 | loss 0.979 | mean L16: 51.9%  L32: 38.2%  L64: 28.7%  L128: 25.0%
            pos@L128: [0:16)  52% |[16:32)  25% [32:64)  19% [64:128)  21%
step 01300 | loss 0.664 | mean L16: 50.7%  L32: 38.4%  L64: 28.3%  L128: 22.0%
            pos@L128: [0:16)  51% |[16:32)  26% [32:64)  18% [64:128)  16%
step 01400 | loss 0.617 | mean L16: 54.9%  L32: 40.6%  L64: 27.5%  L128: 21.1%
            pos@L128: [0:16)  55% |[16:32)  27% [32:64)  14% [64:128)  15%
