!python -u spike-m2rnn/hybrid/train.py --dataset cifar10 --rank 0 --pop 4096 | tee -a cifar10_rank_0_pop4096.log

hybrid ViT | cifar10 | dim=64 depth=2 | ternary=True rank=0 | base(ternary) params=78k  residual(fp) params=0.0k (0.0% of base) | gd-opt=rmsnorm | dev=cuda
step     1 | es-min 2.2128 | es-mean 2.4121 | val 12.71% | es-evals 0.0M | 5s
step    50 | es-min 2.0889 | es-mean 2.2696 | val 21.79% | es-evals 0.2M | 84s
step   100 | es-min 2.0302 | es-mean 2.1705 | val 25.44% | es-evals 0.4M | 177s
step   150 | es-min 1.8609 | es-mean 2.0384 | val 24.61% | es-evals 0.6M | 273s
step   200 | es-min 1.8530 | es-mean 2.0104 | val 27.30% | es-evals 0.8M | 370s
step   250 | es-min 1.9694 | es-mean 2.1243 | val 28.50% | es-evals 1.0M | 467s
step   300 | es-min 1.8008 | es-mean 1.9636 | val 26.66% | es-evals 1.2M | 564s
step   350 | es-min 2.0726 | es-mean 2.2590 | val 27.46% | es-evals 1.4M | 660s
step   400 | es-min 1.7663 | es-mean 1.9140 | val 29.17% | es-evals 1.6M | 757s
step   450 | es-min 1.6298 | es-mean 1.8105 | val 30.36% | es-evals 1.8M | 853s
step   500 | es-min 1.8635 | es-mean 1.9881 | val 28.48% | es-evals 2.0M | 949s
step   550 | es-min 1.8515 | es-mean 1.9700 | val 28.69% | es-evals 2.3M | 1046s
step   600 | es-min 1.8165 | es-mean 1.9292 | val 30.70% | es-evals 2.5M | 1144s
step   650 | es-min 1.7801 | es-mean 1.9201 | val 31.55% | es-evals 2.7M | 1241s
step   700 | es-min 1.7710 | es-mean 1.9167 | val 32.20% | es-evals 2.9M | 1337s
step   750 | es-min 1.7059 | es-mean 1.8468 | val 30.19% | es-evals 3.1M | 1434s
step   800 | es-min 1.7398 | es-mean 1.8943 | val 32.35% | es-evals 3.3M | 1531s
step   850 | es-min 1.7685 | es-mean 1.8965 | val 33.22% | es-evals 3.5M | 1627s
step   900 | es-min 1.4986 | es-mean 1.6549 | val 31.73% | es-evals 3.7M | 1725s
step   950 | es-min 1.7591 | es-mean 1.8938 | val 34.33% | es-evals 3.9M | 1822s
step  1000 | es-min 1.7219 | es-mean 1.8390 | val 35.28% | es-evals 4.1M | 1918s
step  1050 | es-min 1.6359 | es-mean 1.7951 | val 36.31% | es-evals 4.3M | 2015s
step  1100 | es-min 1.6460 | es-mean 1.7996 | val 34.69% | es-evals 4.5M | 2112s
step  1150 | es-min 1.6889 | es-mean 1.8224 | val 32.58% | es-evals 4.7M | 2208s
step  1200 | es-min 1.6742 | es-mean 1.8627 | val 35.37% | es-evals 4.9M | 2306s
step  1250 | es-min 1.5131 | es-mean 1.6952 | val 34.81% | es-evals 5.1M | 2402s
step  1300 | es-min 1.6264 | es-mean 1.7834 | val 34.01% | es-evals 5.3M | 2498s
step  1350 | es-min 1.7219 | es-mean 1.8732 | val 36.53% | es-evals 5.5M | 2595s
step  1400 | es-min 1.5523 | es-mean 1.6949 | val 36.28% | es-evals 5.7M | 2691s
step  1450 | es-min 1.7207 | es-mean 1.8452 | val 37.20% | es-evals 5.9M | 2789s
step  1500 | es-min 1.7637 | es-mean 1.9287 | val 36.30% | es-evals 6.1M | 2885s
step  1550 | es-min 1.5270 | es-mean 1.6669 | val 35.00% | es-evals 6.3M | 2982s
step  1600 | es-min 1.6173 | es-mean 1.7955 | val 37.42% | es-evals 6.6M | 3078s
step  1650 | es-min 1.6099 | es-mean 1.7619 | val 37.36% | es-evals 6.8M | 3175s
step  1700 | es-min 1.5608 | es-mean 1.6900 | val 36.25% | es-evals 7.0M | 3272s
step  1750 | es-min 1.5341 | es-mean 1.6973 | val 36.58% | es-evals 7.2M | 3369s
step  1800 | es-min 1.6066 | es-mean 1.7959 | val 36.89% | es-evals 7.4M | 3465s
step  1850 | es-min 1.6393 | es-mean 1.8300 | val 37.23% | es-evals 7.6M | 3562s
step  1900 | es-min 1.6260 | es-mean 1.7693 | val 36.15% | es-evals 7.8M | 3659s
step  1950 | es-min 1.6410 | es-mean 1.8020 | val 38.05% | es-evals 8.0M | 3756s
step  2000 | es-min 1.6991 | es-mean 1.8378 | val 38.40% | es-evals 8.2M | 3854s
