!python -u spike-m2rnn/hybrid/train.py --dataset mnist --gd-opt muon | tee -a mnist_hybrid_muon.log

hybrid ViT | mnist | dim=64 depth=2 | ternary=True rank=4 | base(ternary) params=69k  residual(fp) params=7.9k (11.4% of base) | gd-opt=muon | dev=cuda
step     1 | es-min 2.1815 | es-mean 2.4287 | val 12.15% | ternary-only 12.48% | gd 2.2019 | es-evals 0.0M | 5s
step    50 | es-min 2.0425 | es-mean 2.4600 | val 32.30% | ternary-only 10.61% | gd 1.9765 | es-evals 0.1M | 35s
step   100 | es-min 1.4516 | es-mean 1.7538 | val 38.17% | ternary-only 7.65% | gd 1.4369 | es-evals 0.1M | 65s
step   150 | es-min 1.0878 | es-mean 1.2942 | val 48.67% | ternary-only 9.73% | gd 1.0840 | es-evals 0.2M | 96s
step   200 | es-min 1.1200 | es-mean 1.4293 | val 47.61% | ternary-only 7.61% | gd 1.1300 | es-evals 0.2M | 126s
step   250 | es-min 1.2745 | es-mean 1.5121 | val 55.53% | ternary-only 10.38% | gd 1.3005 | es-evals 0.3M | 157s
step   300 | es-min 1.1389 | es-mean 1.4401 | val 50.19% | ternary-only 10.73% | gd 1.1804 | es-evals 0.3M | 188s
step   350 | es-min 1.4296 | es-mean 1.8155 | val 49.88% | ternary-only 9.59% | gd 1.3780 | es-evals 0.4M | 219s
step   400 | es-min 1.2946 | es-mean 1.5923 | val 51.45% | ternary-only 9.97% | gd 1.3658 | es-evals 0.4M | 250s
step   450 | es-min 1.1082 | es-mean 1.7038 | val 53.96% | ternary-only 12.15% | gd 1.0651 | es-evals 0.5M | 281s
step   500 | es-min 0.9361 | es-mean 1.2491 | val 56.25% | ternary-only 14.94% | gd 0.9446 | es-evals 0.5M | 311s
step   550 | es-min 0.7652 | es-mean 0.9153 | val 57.60% | ternary-only 13.21% | gd 0.7417 | es-evals 0.6M | 343s
step   600 | es-min 1.1663 | es-mean 1.4500 | val 55.16% | ternary-only 10.94% | gd 1.0960 | es-evals 0.6M | 373s
step   650 | es-min 0.9824 | es-mean 1.1334 | val 61.38% | ternary-only 9.85% | gd 0.9376 | es-evals 0.7M | 404s
step   700 | es-min 0.8267 | es-mean 1.0660 | val 53.25% | ternary-only 10.97% | gd 0.8158 | es-evals 0.7M | 435s
step   750 | es-min 1.2964 | es-mean 1.7832 | val 60.98% | ternary-only 12.41% | gd 1.1732 | es-evals 0.8M | 466s
step   800 | es-min 0.9522 | es-mean 1.2996 | val 63.98% | ternary-only 10.30% | gd 0.9157 | es-evals 0.8M | 497s
step   850 | es-min 0.9167 | es-mean 1.2006 | val 62.33% | ternary-only 9.66% | gd 0.8876 | es-evals 0.9M | 528s
step   900 | es-min 0.9664 | es-mean 1.4085 | val 63.19% | ternary-only 11.26% | gd 1.0139 | es-evals 0.9M | 558s
step   950 | es-min 0.9241 | es-mean 1.2131 | val 59.05% | ternary-only 9.92% | gd 0.9263 | es-evals 1.0M | 589s
step  1000 | es-min 0.8683 | es-mean 1.2964 | val 50.60% | ternary-only 8.95% | gd 0.8720 | es-evals 1.0M | 619s
step  1050 | es-min 1.3835 | es-mean 1.7461 | val 63.97% | ternary-only 10.41% | gd 1.2272 | es-evals 1.1M | 650s
step  1100 | es-min 0.9420 | es-mean 1.4703 | val 55.53% | ternary-only 9.82% | gd 1.1189 | es-evals 1.1M | 680s
step  1150 | es-min 0.9100 | es-mean 1.1961 | val 63.60% | ternary-only 10.35% | gd 0.8771 | es-evals 1.2M | 711s
step  1200 | es-min 1.3109 | es-mean 1.8523 | val 56.20% | ternary-only 12.19% | gd 1.4851 | es-evals 1.2M | 741s
step  1250 | es-min 0.8769 | es-mean 1.2030 | val 60.92% | ternary-only 9.23% | gd 0.9086 | es-evals 1.3M | 772s
step  1300 | es-min 0.9850 | es-mean 1.2102 | val 62.43% | ternary-only 10.84% | gd 0.9308 | es-evals 1.3M | 803s
step  1350 | es-min 0.7677 | es-mean 1.2889 | val 64.03% | ternary-only 9.87% | gd 0.8918 | es-evals 1.4M | 833s
step  1400 | es-min 0.8777 | es-mean 1.2671 | val 58.45% | ternary-only 11.01% | gd 0.8219 | es-evals 1.4M | 864s
step  1450 | es-min 0.8017 | es-mean 1.0209 | val 63.70% | ternary-only 10.15% | gd 0.7775 | es-evals 1.5M | 894s
step  1500 | es-min 0.7990 | es-mean 1.1328 | val 61.99% | ternary-only 9.82% | gd 0.8021 | es-evals 1.5M | 926s
step  1550 | es-min 0.7873 | es-mean 0.9575 | val 66.56% | ternary-only 10.74% | gd 0.8985 | es-evals 1.6M | 956s
step  1600 | es-min 0.8401 | es-mean 1.0627 | val 64.79% | ternary-only 10.89% | gd 0.8565 | es-evals 1.6M | 987s
step  1650 | es-min 1.0036 | es-mean 1.3066 | val 64.87% | ternary-only 10.49% | gd 1.0308 | es-evals 1.7M | 1018s
step  1700 | es-min 0.8147 | es-mean 1.1959 | val 68.22% | ternary-only 10.62% | gd 0.7925 | es-evals 1.7M | 1049s
step  1750 | es-min 0.9666 | es-mean 1.2743 | val 66.94% | ternary-only 9.99% | gd 0.9965 | es-evals 1.8M | 1079s
step  1800 | es-min 1.0066 | es-mean 1.2856 | val 69.42% | ternary-only 10.59% | gd 0.9758 | es-evals 1.8M | 1110s
step  1850 | es-min 1.0748 | es-mean 1.4049 | val 63.67% | ternary-only 10.12% | gd 1.1191 | es-evals 1.9M | 1140s
step  1900 | es-min 0.7601 | es-mean 0.9649 | val 69.40% | ternary-only 12.19% | gd 0.8504 | es-evals 1.9M | 1172s
step  1950 | es-min 0.9390 | es-mean 1.2898 | val 64.84% | ternary-only 15.91% | gd 0.9556 | es-evals 2.0M | 1202s
step  2000 | es-min 0.6429 | es-mean 0.8312 | val 68.74% | ternary-only 13.43% | gd 0.6578 | es-evals 2.0M | 1233s
